
> nx run figa-ui:build-storybook -s public --output-dir C:\\\\Users\\\\APOLUB~1\\\\AppData\\\\Local\\\\Temp\\\\chromatic--22732-djNJPjm80lH5


>  NX  ui framework: @storybook/react


>  NX  Storybook builder starting ...

info => Cleaning outputDir: C:\\\\Users\\\\APOLUB~1\\\\AppData\\\\Local\\\\Temp\\\\chromatic--22732-djNJPjm80lH5
info => Loading presets
info => Copying static files: C:\Users\apolubinski\Dream-stack-for-React-dev\system\assets at C:\Users\APOLUB~1\AppData\Local\Temp\chromatic--22732-djNJPjm80lH5\
info => Compiling manager..
info => Manager built (29 s)
[36mvite v4.1.4 [32mbuilding for production...[36m[39m
transforming...
Use of eval in "node_modules/telejson/dist/esm/index.js" is strongly discouraged as it poses security risks and may cause issues with minification.
Use of eval in "node_modules/telejson/dist/esm/index.js" is strongly discouraged as it poses security risks and may cause issues with minification.
Use of eval in "node_modules/@storybook/components/dist/esm/index-681e4b07.js" is strongly discouraged as it poses security risks and may cause issues with minification.
[32m✓[39m 1868 modules transformed.
rendering chunks...
computing gzip size...
[2m../../../../../APOLUB~1/AppData/Local/Temp/chromatic--22732-djNJPjm80lH5/[22m[32miframe.html                                         [39m[1m[2m   13.65 kB[22m[1m[22m
[2m../../../../../APOLUB~1/AppData/Local/Temp/chromatic--22732-djNJPjm80lH5/[22m[2massets/[22m[36mes.string.from-code-point-06ad26f3.js        [39m[1m[2m    0.59 kB[22m[1m[22m[2m │ gzip:   0.44 kB[22m[2m │ map:     2.25 kB[22m
[2m../../../../../APOLUB~1/AppData/Local/Temp/chromatic--22732-djNJPjm80lH5/[22m[2massets/[22m[36mes.regexp.flags-6af12296.js                  [39m[1m[2m    0.67 kB[22m[1m[22m[2m │ gzip:   0.47 kB[22m[2m │ map:     2.81 kB[22m
[2m../../../../../APOLUB~1/AppData/Local/Temp/chromatic--22732-djNJPjm80lH5/[22m[2massets/[22m[36mclient-9b03cf58.js                           [39m[1m[2m    0.72 kB[22m[1m[22m[2m │ gzip:   0.46 kB[22m[2m │ map:     0.97 kB[22m
[2m../../../../../APOLUB~1/AppData/Local/Temp/chromatic--22732-djNJPjm80lH5/[22m[2massets/[22m[36mrenderDocs-fa3ed80b.js                       [39m[1m[2m    2.67 kB[22m[1m[22m[2m │ gzip:   1.33 kB[22m[2m │ map:     9.90 kB[22m
[2m../../../../../APOLUB~1/AppData/Local/Temp/chromatic--22732-djNJPjm80lH5/[22m[2massets/[22m[36mGlobalScrollAreaStyles-8793ce4a-fc9b693e.js  [39m[1m[2m   10.50 kB[22m[1m[22m[2m │ gzip:   2.39 kB[22m[2m │ map:    20.95 kB[22m
[2m../../../../../APOLUB~1/AppData/Local/Temp/chromatic--22732-djNJPjm80lH5/[22m[2massets/[22m[36mColor-f953d088-73b94cf6.js                   [39m[1m[2m   34.27 kB[22m[1m[22m[2m │ gzip:  13.00 kB[22m[2m │ map:   134.17 kB[22m
[2m../../../../../APOLUB~1/AppData/Local/Temp/chromatic--22732-djNJPjm80lH5/[22m[2massets/[22m[36mWithTooltip-167e9982-4751f1be.js             [39m[1m[2m   40.96 kB[22m[1m[22m[2m │ gzip:  13.78 kB[22m[2m │ map:   181.36 kB[22m
[2m../../../../../APOLUB~1/AppData/Local/Temp/chromatic--22732-djNJPjm80lH5/[22m[2massets/[22m[36mOverlayScrollbars-1355f44c-5a20287e.js       [39m[1m[2m   64.54 kB[22m[1m[22m[2m │ gzip:  27.41 kB[22m[2m │ map:   444.01 kB[22m
[2m../../../../../APOLUB~1/AppData/Local/Temp/chromatic--22732-djNJPjm80lH5/[22m[2massets/[22m[36msyntaxhighlighter-b07b042a-ece31491.js       [39m[1m[2m  117.17 kB[22m[1m[22m[2m │ gzip:  48.79 kB[22m[2m │ map:   468.63 kB[22m
[2m../../../../../APOLUB~1/AppData/Local/Temp/chromatic--22732-djNJPjm80lH5/[22m[2massets/[22m[36mindex-4aa9563e.js                            [39m[1m[2m  495.77 kB[22m[1m[22m[2m │ gzip: 146.10 kB[22m[2m │ map: 1,180.90 kB[22m
[2m../../../../../APOLUB~1/AppData/Local/Temp/chromatic--22732-djNJPjm80lH5/[22m[2massets/[22m[36mformatter-0d5cb0eb-b735990a.js               [39m[1m[33m  742.26 kB[39m[22m[2m │ gzip: 239.76 kB[22m[2m │ map: 1,799.10 kB[22m
[2m../../../../../APOLUB~1/AppData/Local/Temp/chromatic--22732-djNJPjm80lH5/[22m[2massets/[22m[36miframe-f8811498.js                           [39m[1m[33m2,104.86 kB[39m[22m[2m │ gzip: 585.15 kB[22m[2m │ map: 5,645.19 kB[22m
[33m
(!) Some chunks are larger than 500 kBs after minification. Consider:
- Using dynamic import() to code-split the application
- Use build.rollupOptions.output.manualChunks to improve chunking: https://rollupjs.org/configuration-options/#output-manualchunks
- Adjust chunk size limit for this warning via build.chunkSizeWarningLimit.[39m
info => Output directory: C:\\\\Users\\\\APOLUB~1\\\\AppData\\\\Local\\\\Temp\\\\chromatic--22732-djNJPjm80lH5

>  NX  Storybook builder finished ...


>  NX  Storybook files available in C:\\\\Users\\\\APOLUB~1\\\\AppData\\\\Local\\\\Temp\\\\chromatic--22732-djNJPjm80lH5


 

 >  NX   Successfully ran target build-storybook for project figa-ui


   View logs and investigate cache misses at https://nx.app/runs/QvZ1WfMX8U

